// 同步 ID: 79057450 @ Sat Jul 11 16:45:45 UTC 2026
// 同步 ID: efff5540 @ Sat Jul 11 18:00:11 UTC 2026
// 重构日志: 722a30c5
// 重构日志: a1643d74
// 重构日志: 586b79f7
// 同步 ID: 85e0b15d @ Mon Jul 13 06:01:05 UTC 2026
// 同步 ID: 46cc0a02 @ Mon Jul 13 08:46:57 UTC 2026
// 同步 ID: f1100c5d @ Mon Jul 13 14:16:32 UTC 2026
// 重构日志: 853783b9
// 重构日志: 7221fae1
// 重构日志: a978f88a
// 重构日志: 53158119
// 重构日志: 9952b976
// 重构日志: 674c7df3
// 重构日志: f3b7ea0e
// 同步 ID: 67a3aaef @ Sat Jul 18 13:11:42 UTC 2026
// 同步 ID: c1ce69e7 @ Sat Jul 18 17:01:55 UTC 2026
// 重构日志: 1bc4ba76
// 重构日志: e738adbb
// 重构日志: a9d0adcf
// 重构日志: 65f6f7fc
// 重构日志: b2cd98b3
// 重构日志: 44fcbc3b
// 重构日志: b444bb15
// 重构日志: d86f083b
// 同步 ID: e602bf8d @ Tue Jul 21 15:51:20 UTC 2026
// 同步 ID: d599cab8 @ Wed Jul 22 08:13:57 UTC 2026
// 同步 ID: efbe315f @ Thu Jul 23 05:44:56 UTC 2026
// 重构日志: bbef8683
// 同步 ID: 4f6adf41 @ Thu Jul 23 13:30:44 UTC 2026
